{
  "RSpec": {
    "coverage": {
      "/Users/ehelsan/Projects/bookmark-manager/app.rb": {
        "lines": [
          1,
          1,
          1,
          null,
          1,
          1,
          0,
          null,
          null,
          1,
          2,
          null,
          null,
          1,
          null,
          1,
          null,
          null,
          null,
          null
        ]
      },
      "/Users/ehelsan/Projects/bookmark-manager/lib/bookmark.rb": {
        "lines": [
          1,
          1,
          null,
          1,
          null,
          null,
          null,
          null
        ]
      },
      "/Users/ehelsan/Projects/bookmark-manager/spec/bookmark_spec.rb": {
        "lines": [
          1,
          null,
          1,
          1,
          1,
          1,
          null,
          1,
          1,
          null,
          null,
          null
        ]
      },
      "/Users/ehelsan/Projects/bookmark-manager/spec/features/bookmarks_page_spec.rb": {
        "lines": [
          1,
          1,
          1,
          1,
          1,
          null,
          null,
          null
        ]
      },
      "/Users/ehelsan/Projects/bookmark-manager/spec/features/index_page_spec.rb": {
        "lines": [
          1,
          1,
          1,
          1,
          null,
          null,
          1,
          1,
          1,
          null,
          null
        ]
      }
    },
    "timestamp": 1624297128
  }
}
